<?xml version="1.0" encoding="UTF-8"?>
<!-- Generated by org.testng.reporters.JUnitReportReporter -->
<testsuite skipped="0" hostname="LN0C5772E6454B" name="parking_calculator.LongTermSurfaceParking" tests="3" failures="0" timestamp="23 Jun 2019 20:33:47 GMT" time="3.240" errors="0">
  <testcase name="longTermSurfaceParking" time="0.985" classname="parking_calculator.LongTermSurfaceParking"/>
  <testcase name="longTermSurfaceParking" time="1.013" classname="parking_calculator.LongTermSurfaceParking"/>
  <testcase name="longTermSurfaceParking" time="1.242" classname="parking_calculator.LongTermSurfaceParking"/>
</testsuite> <!-- parking_calculator.LongTermSurfaceParking -->
