<?xml version="1.0" encoding="UTF-8"?>
<!-- Generated by org.testng.reporters.JUnitReportReporter -->
<testsuite skipped="0" hostname="LN0C5772E6454B" name="parking_calculator.ShortTermParking" tests="3" failures="0" timestamp="23 Jun 2019 20:34:20 GMT" time="3.013" errors="0">
  <testcase name="shortTermParking" time="0.852" classname="parking_calculator.ShortTermParking"/>
  <testcase name="shortTermParking" time="1.314" classname="parking_calculator.ShortTermParking"/>
  <testcase name="shortTermParking" time="0.847" classname="parking_calculator.ShortTermParking"/>
</testsuite> <!-- parking_calculator.ShortTermParking -->
